  breakout.cpp
c:\users\xiaom\dropbox\opengl\include\learnopengl\shader.h(66): warning C4101: 'infoLog': unreferenced local variable
c:\users\xiaom\dropbox\opengl\include\learnopengl\shader.h(65): warning C4101: 'success': unreferenced local variable
c:\users\xiaom\onedrive\documents\visual studio 2017\projects\breakout\breakout\breakout.cpp(75): warning C4244: 'initializing': conversion from 'double' to 'float', possible loss of data
  game.cpp
c:\users\xiaom\dropbox\opengl\include\learnopengl\shader.h(66): warning C4101: 'infoLog': unreferenced local variable
c:\users\xiaom\dropbox\opengl\include\learnopengl\shader.h(65): warning C4101: 'success': unreferenced local variable
c:\users\xiaom\onedrive\documents\visual studio 2017\projects\breakout\breakout\game.cpp(105): warning C4244: 'argument': conversion from 'double' to 'int', possible loss of data
c:\users\xiaom\onedrive\documents\visual studio 2017\projects\breakout\breakout\game.cpp(106): warning C4244: 'argument': conversion from 'double' to 'int', possible loss of data
c:\users\xiaom\onedrive\documents\visual studio 2017\projects\breakout\breakout\game.cpp(107): warning C4244: 'argument': conversion from 'double' to 'int', possible loss of data
c:\users\xiaom\onedrive\documents\visual studio 2017\projects\breakout\breakout\game.cpp(108): warning C4244: 'argument': conversion from 'double' to 'int', possible loss of data
c:\users\xiaom\onedrive\documents\visual studio 2017\projects\breakout\breakout\game.cpp(208): warning C4244: 'argument': conversion from 'double' to 'GLfloat', possible loss of data
c:\users\xiaom\onedrive\documents\visual studio 2017\projects\breakout\breakout\game.cpp(216): warning C4244: 'argument': conversion from 'int' to 'float', possible loss of data
c:\users\xiaom\onedrive\documents\visual studio 2017\projects\breakout\breakout\game.cpp(222): warning C4244: 'argument': conversion from 'int' to 'float', possible loss of data
c:\users\xiaom\onedrive\documents\visual studio 2017\projects\breakout\breakout\game.cpp(229): warning C4244: 'argument': conversion from 'float' to 'int', possible loss of data
c:\users\xiaom\onedrive\documents\visual studio 2017\projects\breakout\breakout\game.cpp(231): warning C4244: 'argument': conversion from 'float' to 'int', possible loss of data
c:\users\xiaom\onedrive\documents\visual studio 2017\projects\breakout\breakout\game.cpp(233): warning C4244: 'argument': conversion from 'float' to 'int', possible loss of data
c:\users\xiaom\onedrive\documents\visual studio 2017\projects\breakout\breakout\game.cpp(235): warning C4244: 'argument': conversion from 'float' to 'int', possible loss of data
     Creating library C:\Users\Xiaom\OneDrive\Documents\Visual Studio 2017\Projects\Breakout\x64\Release\Breakout.lib and object C:\Users\Xiaom\OneDrive\Documents\Visual Studio 2017\Projects\Breakout\x64\Release\Breakout.exp
LINK : warning LNK4098: defaultlib 'MSVCRTD' conflicts with use of other libs; use /NODEFAULTLIB:library
  Generating code
  3 of 1203 functions ( 0.2%) were compiled, the rest were copied from previous compilation.
    0 functions were new in current compilation
    7 functions had inline decision re-evaluated but remain unchanged
  Finished generating code
glfw3.lib(context.obj) : warning LNK4099: PDB 'glfw.pdb' was not found with 'glfw3.lib(context.obj)' or at 'C:\Users\Xiaom\OneDrive\Documents\Visual Studio 2017\Projects\Breakout\x64\Release\glfw.pdb'; linking object as if no debug info
glfw3.lib(init.obj) : warning LNK4099: PDB 'glfw.pdb' was not found with 'glfw3.lib(init.obj)' or at 'C:\Users\Xiaom\OneDrive\Documents\Visual Studio 2017\Projects\Breakout\x64\Release\glfw.pdb'; linking object as if no debug info
glfw3.lib(input.obj) : warning LNK4099: PDB 'glfw.pdb' was not found with 'glfw3.lib(input.obj)' or at 'C:\Users\Xiaom\OneDrive\Documents\Visual Studio 2017\Projects\Breakout\x64\Release\glfw.pdb'; linking object as if no debug info
glfw3.lib(monitor.obj) : warning LNK4099: PDB 'glfw.pdb' was not found with 'glfw3.lib(monitor.obj)' or at 'C:\Users\Xiaom\OneDrive\Documents\Visual Studio 2017\Projects\Breakout\x64\Release\glfw.pdb'; linking object as if no debug info
glfw3.lib(vulkan.obj) : warning LNK4099: PDB 'glfw.pdb' was not found with 'glfw3.lib(vulkan.obj)' or at 'C:\Users\Xiaom\OneDrive\Documents\Visual Studio 2017\Projects\Breakout\x64\Release\glfw.pdb'; linking object as if no debug info
glfw3.lib(window.obj) : warning LNK4099: PDB 'glfw.pdb' was not found with 'glfw3.lib(window.obj)' or at 'C:\Users\Xiaom\OneDrive\Documents\Visual Studio 2017\Projects\Breakout\x64\Release\glfw.pdb'; linking object as if no debug info
glfw3.lib(win32_init.obj) : warning LNK4099: PDB 'glfw.pdb' was not found with 'glfw3.lib(win32_init.obj)' or at 'C:\Users\Xiaom\OneDrive\Documents\Visual Studio 2017\Projects\Breakout\x64\Release\glfw.pdb'; linking object as if no debug info
glfw3.lib(win32_joystick.obj) : warning LNK4099: PDB 'glfw.pdb' was not found with 'glfw3.lib(win32_joystick.obj)' or at 'C:\Users\Xiaom\OneDrive\Documents\Visual Studio 2017\Projects\Breakout\x64\Release\glfw.pdb'; linking object as if no debug info
glfw3.lib(win32_monitor.obj) : warning LNK4099: PDB 'glfw.pdb' was not found with 'glfw3.lib(win32_monitor.obj)' or at 'C:\Users\Xiaom\OneDrive\Documents\Visual Studio 2017\Projects\Breakout\x64\Release\glfw.pdb'; linking object as if no debug info
glfw3.lib(win32_time.obj) : warning LNK4099: PDB 'glfw.pdb' was not found with 'glfw3.lib(win32_time.obj)' or at 'C:\Users\Xiaom\OneDrive\Documents\Visual Studio 2017\Projects\Breakout\x64\Release\glfw.pdb'; linking object as if no debug info
glfw3.lib(win32_tls.obj) : warning LNK4099: PDB 'glfw.pdb' was not found with 'glfw3.lib(win32_tls.obj)' or at 'C:\Users\Xiaom\OneDrive\Documents\Visual Studio 2017\Projects\Breakout\x64\Release\glfw.pdb'; linking object as if no debug info
glfw3.lib(win32_window.obj) : warning LNK4099: PDB 'glfw.pdb' was not found with 'glfw3.lib(win32_window.obj)' or at 'C:\Users\Xiaom\OneDrive\Documents\Visual Studio 2017\Projects\Breakout\x64\Release\glfw.pdb'; linking object as if no debug info
glfw3.lib(wgl_context.obj) : warning LNK4099: PDB 'glfw.pdb' was not found with 'glfw3.lib(wgl_context.obj)' or at 'C:\Users\Xiaom\OneDrive\Documents\Visual Studio 2017\Projects\Breakout\x64\Release\glfw.pdb'; linking object as if no debug info
glfw3.lib(egl_context.obj) : warning LNK4099: PDB 'glfw.pdb' was not found with 'glfw3.lib(egl_context.obj)' or at 'C:\Users\Xiaom\OneDrive\Documents\Visual Studio 2017\Projects\Breakout\x64\Release\glfw.pdb'; linking object as if no debug info
  Breakout.vcxproj -> C:\Users\Xiaom\OneDrive\Documents\Visual Studio 2017\Projects\Breakout\x64\Release\Breakout.exe
